
> loginpage@0.0.0 build
> vite build

[36mvite v8.0.2 [32mbuilding client environment for production...[36m[39m
[2K
transforming...Γ£ô 1 modules transformed.
node.exe : [31mΓ£ù[39m 
Build failed in 13ms
At C:\Program 
Files\nodejs\npm.ps1:29 
char:3
+   & $NODE_EXE 
$NPM_CLI_JS $args
+   ~~~~~~~~~~~~~~~~~~~~~~
~~~~~~~
    + CategoryInfo        
      : NotSpecified: (  
  [31mΓ£ù[39m Build fa   
 iled in 13ms:String)     
[], RemoteException
    + FullyQualifiedError 
   Id : NativeCommandErr  
  or
 
[31merror during build:
[31mBuild failed with 1 
error:

[31m[UNRESOLVED_ENTRY] 
Error:[0m Cannot resolve 
entry module index.html.
[31m
    at aggregateBindingErr
orsIntoJsError (file:///D:
/LOGINPAGE/node_modules/ro
lldown/dist/shared/error-D
8cGyrC7.mjs:48:18)
    at 
unwrapBindingResult (file:
///D:/LOGINPAGE/node_modul
es/rolldown/dist/shared/er
ror-D8cGyrC7.mjs:18:128)
    at #build (file:///D:/
LOGINPAGE/node_modules/rol
ldown/dist/shared/rolldown
-build-CL9PyQ2E.mjs:3313:3
4)
    at async 
buildEnvironment (file:///
D:/LOGINPAGE/node_modules/
vite/dist/node/chunks/node
.js:32829:64)
    at async Object.build 
(file:///D:/LOGINPAGE/node
_modules/vite/dist/node/ch
unks/node.js:33251:19)
    at async 
Object.buildApp (file:///D
:/LOGINPAGE/node_modules/v
ite/dist/node/chunks/node.
js:33248:153)
    at async 
CAC.<anonymous> (file:///D
:/LOGINPAGE/node_modules/v
ite/dist/node/cli.js:778:3
) {
  errors: [Getter/Setter]
}[39m
